<?xml version="1.0" encoding="UTF-8"?>
<!-- Generated by org.testng.reporters.JUnitXMLReporter -->
<testsuite hostname="LAPTOP-T5D00340" ignored="0" name="Default test" tests="3" failures="0" timestamp="2021-02-13T18:03:47 IST" time="17.7" errors="0">
  <testcase name="testMethod" time="3.153" classname="javaBasics.DataProviders"/>
  <testcase name="testMethod" time="3.066" classname="javaBasics.DataProviders"/>
  <testcase name="testMethod" time="3.072" classname="javaBasics.DataProviders"/>
</testsuite> <!-- Default test -->
